<?xml version="1.0" encoding="UTF-8"?>
<!-- Generated by org.testng.reporters.JUnitReportReporter -->
<testsuite skipped="0" hostname="MYDear-PC" name="com.tele.metric.test.regression.TestVerifyTitleUS158" tests="1" failures="0" timestamp="23 Sep 2017 05:36:42 GMT" time="5.967" errors="0">
  <testcase name="testVerifyTitleTC510" time="5.967" classname="com.tele.metric.test.regression.TestVerifyTitleUS158"/>
</testsuite> <!-- com.tele.metric.test.regression.TestVerifyTitleUS158 -->
