<?xml version="1.0" encoding="UTF-8"?>
<!-- Generated by org.testng.reporters.JUnitReportReporter -->
<testsuite skipped="0" hostname="MYDear-PC" name="com.tele.metric.test.smoke.TestLoginUS156" tests="2" failures="0" timestamp="23 Sep 2017 04:42:47 GMT" time="18.679" errors="0">
  <testcase name="testLoginSuccess_TC211" time="9.085" classname="com.tele.metric.test.smoke.TestLoginUS156"/>
  <testcase name="testLoginFailTC_212" time="9.594" classname="com.tele.metric.test.smoke.TestLoginUS156"/>
</testsuite> <!-- com.tele.metric.test.smoke.TestLoginUS156 -->
